{
  "RSpec": {
    "coverage": {
      "/Users/MooMooMachine/Desktop/gingerSpice/app/helpers/application_helper.rb": [
        1,
        null
      ],
      "/Users/MooMooMachine/Desktop/gingerSpice/app/models/user.rb": [
        1,
        null,
        null,
        1,
        1,
        null,
        1,
        1,
        null,
        1,
        1,
        null,
        1,
        1,
        null,
        1,
        null,
        1,
        1,
        null,
        1,
        1,
        null,
        1,
        1,
        null,
        null,
        1,
        0,
        null,
        null,
        1,
        1,
        null,
        null,
        1,
        0,
        null,
        null,
        1,
        6,
        null,
        null,
        1,
        0,
        0,
        null,
        0,
        null,
        null,
        null,
        1,
        0,
        0,
        null,
        null,
        1,
        0,
        0,
        0,
        null,
        0,
        null,
        null,
        null,
        1,
        0,
        null,
        null,
        1,
        0,
        0,
        null,
        null,
        1,
        0,
        0,
        0,
        0,
        0,
        null,
        0,
        0,
        0,
        null,
        0,
        0,
        null,
        null,
        0,
        null,
        null,
        null,
        null,
        null,
        null,
        null,
        null
      ],
      "/Users/MooMooMachine/Desktop/gingerSpice/app/models/specialty.rb": [
        1,
        1,
        1,
        null,
        1,
        null,
        null,
        1,
        0,
        null,
        null
      ],
      "/Users/MooMooMachine/Desktop/gingerSpice/app/models/users_specialty.rb": [
        1,
        1,
        1,
        null,
        1,
        null
      ],
      "/Users/MooMooMachine/Desktop/gingerSpice/app/models/meetup.rb": [
        1,
        1,
        1,
        1,
        null,
        1,
        null,
        1,
        null,
        null,
        null
      ],
      "/Users/MooMooMachine/Desktop/gingerSpice/app/models/review.rb": [
        1,
        1,
        1,
        1,
        null,
        1,
        null,
        null
      ],
      "/Users/MooMooMachine/Desktop/gingerSpice/app/models/tour.rb": [
        1,
        1,
        1,
        null,
        1,
        null,
        null
      ],
      "/Users/MooMooMachine/Desktop/gingerSpice/app/models/languages_spoken.rb": [
        1,
        1,
        1,
        null,
        1,
        null
      ]
    },
    "timestamp": 1393723813
  }
}
